<?xml version="1.0" encoding="UTF-8"?>
<coverage generated="1771007326304" clover="3.2.0">
  <project timestamp="1771007326304" name="All files">
    <metrics statements="72" coveredstatements="63" conditionals="37" coveredconditionals="27" methods="16" coveredmethods="15" elements="125" coveredelements="105" complexity="0" loc="72" ncloc="72" packages="2" files="8" classes="8"/>
    <package name="src">
      <metrics statements="28" coveredstatements="27" conditionals="11" coveredconditionals="10" methods="8" coveredmethods="8"/>
      <file name="buildDiff.js" path="/home/michael/qa-auto-engineer-javascript-project-87/src/buildDiff.js">
        <metrics statements="11" coveredstatements="11" conditionals="6" coveredconditionals="6" methods="3" coveredmethods="3"/>
        <line num="2" count="96" type="stmt"/>
        <line num="4" count="12" type="stmt"/>
        <line num="6" count="12" type="stmt"/>
        <line num="7" count="60" type="cond" truecount="2" falsecount="0"/>
        <line num="8" count="24" type="stmt"/>
        <line num="10" count="36" type="cond" truecount="2" falsecount="0"/>
        <line num="11" count="12" type="stmt"/>
        <line num="13" count="24" type="cond" truecount="2" falsecount="0"/>
        <line num="14" count="12" type="stmt"/>
        <line num="20" count="12" type="stmt"/>
        <line num="28" count="12" type="stmt"/>
      </file>
      <file name="index.js" path="/home/michael/qa-auto-engineer-javascript-project-87/src/index.js">
        <metrics statements="8" coveredstatements="8" conditionals="1" coveredconditionals="1" methods="2" coveredmethods="2"/>
        <line num="6" count="1" type="stmt"/>
        <line num="7" count="24" type="stmt"/>
        <line num="8" count="24" type="stmt"/>
        <line num="9" count="24" type="stmt"/>
        <line num="13" count="12" type="stmt"/>
        <line num="14" count="12" type="stmt"/>
        <line num="16" count="12" type="stmt"/>
        <line num="18" count="12" type="stmt"/>
      </file>
      <file name="parsers.js" path="/home/michael/qa-auto-engineer-javascript-project-87/src/parsers.js">
        <metrics statements="4" coveredstatements="3" conditionals="4" coveredconditionals="3" methods="1" coveredmethods="1"/>
        <line num="4" count="24" type="cond" truecount="3" falsecount="1"/>
        <line num="6" count="8" type="stmt"/>
        <line num="10" count="16" type="stmt"/>
        <line num="13" count="0" type="stmt"/>
      </file>
      <file name="utils.js" path="/home/michael/qa-auto-engineer-javascript-project-87/src/utils.js">
        <metrics statements="5" coveredstatements="5" conditionals="0" coveredconditionals="0" methods="2" coveredmethods="2"/>
        <line num="4" count="1" type="stmt"/>
        <line num="5" count="24" type="stmt"/>
        <line num="7" count="1" type="stmt"/>
        <line num="8" count="24" type="stmt"/>
        <line num="9" count="24" type="stmt"/>
      </file>
    </package>
    <package name="src.formatters">
      <metrics statements="44" coveredstatements="36" conditionals="26" coveredconditionals="17" methods="8" coveredmethods="7"/>
      <file name="index.js" path="/home/michael/qa-auto-engineer-javascript-project-87/src/formatters/index.js">
        <metrics statements="4" coveredstatements="4" conditionals="3" coveredconditionals="1" methods="1" coveredmethods="1"/>
        <line num="5" count="1" type="stmt"/>
        <line num="8" count="12" type="stmt"/>
        <line num="9" count="12" type="cond" truecount="1" falsecount="1"/>
        <line num="10" count="12" type="stmt"/>
      </file>
      <file name="json.js" path="/home/michael/qa-auto-engineer-javascript-project-87/src/formatters/json.js">
        <metrics statements="2" coveredstatements="2" conditionals="0" coveredconditionals="0" methods="1" coveredmethods="1"/>
        <line num="1" count="1" type="stmt"/>
        <line num="2" count="3" type="stmt"/>
      </file>
      <file name="plain.js" path="/home/michael/qa-auto-engineer-javascript-project-87/src/formatters/plain.js">
        <metrics statements="22" coveredstatements="18" conditionals="14" coveredconditionals="9" methods="2" coveredmethods="2"/>
        <line num="1" count="1" type="stmt"/>
        <line num="2" count="9" type="cond" truecount="2" falsecount="2"/>
        <line num="3" count="0" type="stmt"/>
        <line num="5" count="9" type="cond" truecount="1" falsecount="1"/>
        <line num="6" count="0" type="stmt"/>
        <line num="8" count="9" type="stmt"/>
        <line num="11" count="1" type="cond" truecount="1" falsecount="0"/>
        <line num="12" count="3" type="stmt"/>
        <line num="14" count="3" type="stmt"/>
        <line num="15" count="15" type="cond" truecount="1" falsecount="1"/>
        <line num="16" count="15" type="stmt"/>
        <line num="18" count="15" type="cond" truecount="4" falsecount="1"/>
        <line num="20" count="3" type="stmt"/>
        <line num="23" count="3" type="stmt"/>
        <line num="26" count="6" type="stmt"/>
        <line num="27" count="6" type="stmt"/>
        <line num="30" count="3" type="stmt"/>
        <line num="33" count="3" type="stmt"/>
        <line num="36" count="0" type="stmt"/>
        <line num="37" count="0" type="stmt"/>
        <line num="40" count="3" type="stmt"/>
        <line num="44" count="3" type="stmt"/>
      </file>
      <file name="stylish.js" path="/home/michael/qa-auto-engineer-javascript-project-87/src/formatters/stylish.js">
        <metrics statements="16" coveredstatements="12" conditionals="9" coveredconditionals="7" methods="4" coveredmethods="3"/>
        <line num="1" count="1" type="stmt"/>
        <line num="3" count="1" type="stmt"/>
        <line num="4" count="36" type="cond" truecount="3" falsecount="1"/>
        <line num="5" count="0" type="stmt"/>
        <line num="6" count="0" type="stmt"/>
        <line num="8" count="0" type="stmt"/>
        <line num="10" count="36" type="stmt"/>
        <line num="13" count="1" type="stmt"/>
        <line num="14" count="6" type="stmt"/>
        <line num="15" count="30" type="cond" truecount="4" falsecount="1"/>
        <line num="17" count="6" type="stmt"/>
        <line num="19" count="12" type="stmt"/>
        <line num="21" count="6" type="stmt"/>
        <line num="23" count="6" type="stmt"/>
        <line num="28" count="0" type="stmt"/>
        <line num="32" count="6" type="stmt"/>
      </file>
    </package>
  </project>
</coverage>
