{"/home/michael/qa-auto-engineer-javascript-project-87/src/buildDiff.js": {"path":"/home/michael/qa-auto-engineer-javascript-project-87/src/buildDiff.js","statementMap":{"0":{"start":{"line":2,"column":15},"end":{"line":2,"column":115}},"1":{"start":{"line":2,"column":96},"end":{"line":2,"column":114}},"2":{"start":{"line":4,"column":15},"end":{"line":4,"column":17}},"3":{"start":{"line":6,"column":2},"end":{"line":26,"column":4}},"4":{"start":{"line":7,"column":4},"end":{"line":25,"column":5}},"5":{"start":{"line":8,"column":6},"end":{"line":8,"column":55}},"6":{"start":{"line":10,"column":9},"end":{"line":25,"column":5}},"7":{"start":{"line":11,"column":6},"end":{"line":11,"column":53}},"8":{"start":{"line":13,"column":9},"end":{"line":25,"column":5}},"9":{"start":{"line":14,"column":6},"end":{"line":17,"column":7}},"10":{"start":{"line":20,"column":6},"end":{"line":24,"column":7}},"11":{"start":{"line":28,"column":2},"end":{"line":28,"column":13}}},"fnMap":{"0":{"name":"buildDiff","decl":{"start":{"line":1,"column":24},"end":{"line":1,"column":33}},"loc":{"start":{"line":1,"column":46},"end":{"line":29,"column":1}},"line":1},"1":{"name":"(anonymous_1)","decl":{"start":{"line":2,"column":86},"end":{"line":2,"column":87}},"loc":{"start":{"line":2,"column":96},"end":{"line":2,"column":114}},"line":2},"2":{"name":"(anonymous_2)","decl":{"start":{"line":6,"column":15},"end":{"line":6,"column":16}},"loc":{"start":{"line":6,"column":24},"end":{"line":26,"column":3}},"line":6}},"branchMap":{"0":{"loc":{"start":{"line":7,"column":4},"end":{"line":25,"column":5}},"type":"if","locations":[{"start":{"line":7,"column":4},"end":{"line":25,"column":5}},{"start":{"line":10,"column":9},"end":{"line":25,"column":5}}],"line":7},"1":{"loc":{"start":{"line":10,"column":9},"end":{"line":25,"column":5}},"type":"if","locations":[{"start":{"line":10,"column":9},"end":{"line":25,"column":5}},{"start":{"line":13,"column":9},"end":{"line":25,"column":5}}],"line":10},"2":{"loc":{"start":{"line":13,"column":9},"end":{"line":25,"column":5}},"type":"if","locations":[{"start":{"line":13,"column":9},"end":{"line":25,"column":5}},{"start":{"line":19,"column":9},"end":{"line":25,"column":5}}],"line":13}},"s":{"0":14,"1":104,"2":14,"3":14,"4":66,"5":26,"6":40,"7":13,"8":27,"9":13,"10":14,"11":14},"f":{"0":14,"1":104,"2":66},"b":{"0":[26,40],"1":[13,27],"2":[13,14]},"_coverageSchema":"1a1c01bbd47fc00a2c39e90264f33305004495a9","hash":"c39e62508bb6abb7accaf6f06c868f19bb3ca69b"}
,"/home/michael/qa-auto-engineer-javascript-project-87/src/index.js": {"path":"/home/michael/qa-auto-engineer-javascript-project-87/src/index.js","statementMap":{"0":{"start":{"line":6,"column":17},"end":{"line":10,"column":1}},"1":{"start":{"line":7,"column":15},"end":{"line":7,"column":33}},"2":{"start":{"line":8,"column":17},"end":{"line":8,"column":39}},"3":{"start":{"line":9,"column":2},"end":{"line":9,"column":28}},"4":{"start":{"line":13,"column":16},"end":{"line":13,"column":35}},"5":{"start":{"line":14,"column":16},"end":{"line":14,"column":35}},"6":{"start":{"line":16,"column":15},"end":{"line":16,"column":38}},"7":{"start":{"line":18,"column":2},"end":{"line":18,"column":33}}},"fnMap":{"0":{"name":"(anonymous_0)","decl":{"start":{"line":6,"column":17},"end":{"line":6,"column":18}},"loc":{"start":{"line":6,"column":31},"end":{"line":10,"column":1}},"line":6},"1":{"name":"(anonymous_1)","decl":{"start":{"line":12,"column":15},"end":{"line":12,"column":16}},"loc":{"start":{"line":12,"column":61},"end":{"line":19,"column":1}},"line":12}},"branchMap":{"0":{"loc":{"start":{"line":12,"column":38},"end":{"line":12,"column":56}},"type":"default-arg","locations":[{"start":{"line":12,"column":47},"end":{"line":12,"column":56}}],"line":12}},"s":{"0":1,"1":29,"2":29,"3":29,"4":15,"5":14,"6":14,"7":14},"f":{"0":29,"1":15},"b":{"0":[5]},"_coverageSchema":"1a1c01bbd47fc00a2c39e90264f33305004495a9","hash":"d1ddbb1b7671454549bea7270abfab084a221d76"}
,"/home/michael/qa-auto-engineer-javascript-project-87/src/parsers.js": {"path":"/home/michael/qa-auto-engineer-javascript-project-87/src/parsers.js","statementMap":{"0":{"start":{"line":4,"column":2},"end":{"line":14,"column":3}},"1":{"start":{"line":6,"column":6},"end":{"line":6,"column":29}},"2":{"start":{"line":10,"column":6},"end":{"line":10,"column":28}},"3":{"start":{"line":13,"column":6},"end":{"line":13,"column":50}}},"fnMap":{"0":{"name":"(anonymous_0)","decl":{"start":{"line":3,"column":15},"end":{"line":3,"column":16}},"loc":{"start":{"line":3,"column":33},"end":{"line":15,"column":1}},"line":3}},"branchMap":{"0":{"loc":{"start":{"line":4,"column":2},"end":{"line":14,"column":3}},"type":"switch","locations":[{"start":{"line":5,"column":4},"end":{"line":6,"column":29}},{"start":{"line":8,"column":4},"end":{"line":8,"column":15}},{"start":{"line":9,"column":4},"end":{"line":10,"column":28}},{"start":{"line":12,"column":4},"end":{"line":13,"column":50}}],"line":4}},"s":{"0":29,"1":12,"2":16,"3":1},"f":{"0":29},"b":{"0":[12,8,16,1]},"_coverageSchema":"1a1c01bbd47fc00a2c39e90264f33305004495a9","hash":"daa7e5b088faeb141994cfabe0cbc16dee6951db"}
,"/home/michael/qa-auto-engineer-javascript-project-87/src/utils.js": {"path":"/home/michael/qa-auto-engineer-javascript-project-87/src/utils.js","statementMap":{"0":{"start":{"line":4,"column":28},"end":{"line":5,"column":47}},"1":{"start":{"line":5,"column":2},"end":{"line":5,"column":47}},"2":{"start":{"line":7,"column":24},"end":{"line":10,"column":1}},"3":{"start":{"line":8,"column":19},"end":{"line":8,"column":56}},"4":{"start":{"line":9,"column":2},"end":{"line":9,"column":43}}},"fnMap":{"0":{"name":"(anonymous_0)","decl":{"start":{"line":4,"column":28},"end":{"line":4,"column":29}},"loc":{"start":{"line":5,"column":2},"end":{"line":5,"column":47}},"line":5},"1":{"name":"(anonymous_1)","decl":{"start":{"line":7,"column":24},"end":{"line":7,"column":25}},"loc":{"start":{"line":7,"column":38},"end":{"line":10,"column":1}},"line":7}},"branchMap":{},"s":{"0":1,"1":29,"2":1,"3":29,"4":29},"f":{"0":29,"1":29},"b":{},"_coverageSchema":"1a1c01bbd47fc00a2c39e90264f33305004495a9","hash":"88726e55f29e304fcd929521d93bb736439d349d"}
,"/home/michael/qa-auto-engineer-javascript-project-87/src/formatters/index.js": {"path":"/home/michael/qa-auto-engineer-javascript-project-87/src/formatters/index.js","statementMap":{"0":{"start":{"line":5,"column":19},"end":{"line":5,"column":43}},"1":{"start":{"line":8,"column":20},"end":{"line":8,"column":38}},"2":{"start":{"line":9,"column":2},"end":{"line":9,"column":62}},"3":{"start":{"line":9,"column":18},"end":{"line":9,"column":62}},"4":{"start":{"line":10,"column":2},"end":{"line":10,"column":24}}},"fnMap":{"0":{"name":"(anonymous_0)","decl":{"start":{"line":7,"column":15},"end":{"line":7,"column":16}},"loc":{"start":{"line":7,"column":45},"end":{"line":11,"column":1}},"line":7}},"branchMap":{"0":{"loc":{"start":{"line":7,"column":22},"end":{"line":7,"column":40}},"type":"default-arg","locations":[{"start":{"line":7,"column":31},"end":{"line":7,"column":40}}],"line":7},"1":{"loc":{"start":{"line":9,"column":2},"end":{"line":9,"column":62}},"type":"if","locations":[{"start":{"line":9,"column":2},"end":{"line":9,"column":62}},{"start":{},"end":{}}],"line":9}},"s":{"0":1,"1":14,"2":14,"3":1,"4":13},"f":{"0":14},"b":{"0":[0],"1":[1,13]},"_coverageSchema":"1a1c01bbd47fc00a2c39e90264f33305004495a9","hash":"3d9d76947f16b160b6c0472ca8db282a30af1706"}
,"/home/michael/qa-auto-engineer-javascript-project-87/src/formatters/json.js": {"path":"/home/michael/qa-auto-engineer-javascript-project-87/src/formatters/json.js","statementMap":{"0":{"start":{"line":1,"column":13},"end":{"line":3,"column":1}},"1":{"start":{"line":2,"column":2},"end":{"line":2,"column":38}}},"fnMap":{"0":{"name":"(anonymous_0)","decl":{"start":{"line":1,"column":13},"end":{"line":1,"column":14}},"loc":{"start":{"line":1,"column":23},"end":{"line":3,"column":1}},"line":1}},"branchMap":{},"s":{"0":1,"1":3},"f":{"0":3},"b":{},"_coverageSchema":"1a1c01bbd47fc00a2c39e90264f33305004495a9","hash":"596c16bdd71fda32a242ad70b4fee93d96f8619d"}
,"/home/michael/qa-auto-engineer-javascript-project-87/src/formatters/plain.js": {"path":"/home/michael/qa-auto-engineer-javascript-project-87/src/formatters/plain.js","statementMap":{"0":{"start":{"line":1,"column":18},"end":{"line":9,"column":1}},"1":{"start":{"line":2,"column":2},"end":{"line":4,"column":3}},"2":{"start":{"line":3,"column":4},"end":{"line":3,"column":28}},"3":{"start":{"line":5,"column":2},"end":{"line":7,"column":3}},"4":{"start":{"line":6,"column":4},"end":{"line":6,"column":23}},"5":{"start":{"line":8,"column":2},"end":{"line":8,"column":14}},"6":{"start":{"line":11,"column":14},"end":{"line":45,"column":1}},"7":{"start":{"line":12,"column":16},"end":{"line":12,"column":18}},"8":{"start":{"line":14,"column":2},"end":{"line":42,"column":3}},"9":{"start":{"line":15,"column":21},"end":{"line":15,"column":54}},"10":{"start":{"line":16,"column":17},"end":{"line":16,"column":26}},"11":{"start":{"line":18,"column":4},"end":{"line":41,"column":5}},"12":{"start":{"line":20,"column":8},"end":{"line":22,"column":9}},"13":{"start":{"line":23,"column":8},"end":{"line":23,"column":13}},"14":{"start":{"line":26,"column":8},"end":{"line":26,"column":56}},"15":{"start":{"line":27,"column":8},"end":{"line":27,"column":13}},"16":{"start":{"line":30,"column":8},"end":{"line":32,"column":9}},"17":{"start":{"line":33,"column":8},"end":{"line":33,"column":13}},"18":{"start":{"line":36,"column":8},"end":{"line":36,"column":50}},"19":{"start":{"line":37,"column":8},"end":{"line":37,"column":13}},"20":{"start":{"line":40,"column":8},"end":{"line":40,"column":13}},"21":{"start":{"line":44,"column":2},"end":{"line":44,"column":25}}},"fnMap":{"0":{"name":"(anonymous_0)","decl":{"start":{"line":1,"column":18},"end":{"line":1,"column":19}},"loc":{"start":{"line":1,"column":29},"end":{"line":9,"column":1}},"line":1},"1":{"name":"(anonymous_1)","decl":{"start":{"line":11,"column":14},"end":{"line":11,"column":15}},"loc":{"start":{"line":11,"column":37},"end":{"line":45,"column":1}},"line":11}},"branchMap":{"0":{"loc":{"start":{"line":2,"column":2},"end":{"line":4,"column":3}},"type":"if","locations":[{"start":{"line":2,"column":2},"end":{"line":4,"column":3}},{"start":{},"end":{}}],"line":2},"1":{"loc":{"start":{"line":2,"column":6},"end":{"line":2,"column":49}},"type":"binary-expr","locations":[{"start":{"line":2,"column":6},"end":{"line":2,"column":31}},{"start":{"line":2,"column":35},"end":{"line":2,"column":49}}],"line":2},"2":{"loc":{"start":{"line":5,"column":2},"end":{"line":7,"column":3}},"type":"if","locations":[{"start":{"line":5,"column":2},"end":{"line":7,"column":3}},{"start":{},"end":{}}],"line":5},"3":{"loc":{"start":{"line":11,"column":21},"end":{"line":11,"column":32}},"type":"default-arg","locations":[{"start":{"line":11,"column":30},"end":{"line":11,"column":32}}],"line":11},"4":{"loc":{"start":{"line":15,"column":21},"end":{"line":15,"column":54}},"type":"cond-expr","locations":[{"start":{"line":15,"column":30},"end":{"line":15,"column":48}},{"start":{"line":15,"column":51},"end":{"line":15,"column":54}}],"line":15},"5":{"loc":{"start":{"line":18,"column":4},"end":{"line":41,"column":5}},"type":"switch","locations":[{"start":{"line":19,"column":6},"end":{"line":23,"column":13}},{"start":{"line":25,"column":6},"end":{"line":27,"column":13}},{"start":{"line":29,"column":6},"end":{"line":33,"column":13}},{"start":{"line":35,"column":6},"end":{"line":37,"column":13}},{"start":{"line":39,"column":6},"end":{"line":40,"column":13}}],"line":18}},"s":{"0":1,"1":9,"2":0,"3":9,"4":0,"5":9,"6":1,"7":3,"8":3,"9":15,"10":15,"11":15,"12":3,"13":3,"14":6,"15":6,"16":3,"17":3,"18":0,"19":0,"20":3,"21":3},"f":{"0":9,"1":3},"b":{"0":[0,9],"1":[9,0],"2":[0,9],"3":[3],"4":[0,15],"5":[3,6,3,0,3]},"_coverageSchema":"1a1c01bbd47fc00a2c39e90264f33305004495a9","hash":"39e5ceaa5fdd02baf90742d2607b07b65fa6bbc0"}
,"/home/michael/qa-auto-engineer-javascript-project-87/src/formatters/stylish.js": {"path":"/home/michael/qa-auto-engineer-javascript-project-87/src/formatters/stylish.js","statementMap":{"0":{"start":{"line":1,"column":15},"end":{"line":1,"column":19}},"1":{"start":{"line":3,"column":18},"end":{"line":11,"column":1}},"2":{"start":{"line":4,"column":2},"end":{"line":9,"column":3}},"3":{"start":{"line":5,"column":20},"end":{"line":7,"column":17}},"4":{"start":{"line":6,"column":27},"end":{"line":6,"column":72}},"5":{"start":{"line":8,"column":4},"end":{"line":8,"column":38}},"6":{"start":{"line":10,"column":2},"end":{"line":10,"column":22}},"7":{"start":{"line":13,"column":16},"end":{"line":33,"column":1}},"8":{"start":{"line":14,"column":16},"end":{"line":30,"column":4}},"9":{"start":{"line":15,"column":4},"end":{"line":29,"column":5}},"10":{"start":{"line":17,"column":8},"end":{"line":17,"column":60}},"11":{"start":{"line":19,"column":8},"end":{"line":19,"column":60}},"12":{"start":{"line":21,"column":8},"end":{"line":21,"column":60}},"13":{"start":{"line":23,"column":8},"end":{"line":26,"column":20}},"14":{"start":{"line":28,"column":8},"end":{"line":28,"column":17}},"15":{"start":{"line":32,"column":2},"end":{"line":32,"column":36}}},"fnMap":{"0":{"name":"(anonymous_0)","decl":{"start":{"line":3,"column":18},"end":{"line":3,"column":19}},"loc":{"start":{"line":3,"column":29},"end":{"line":11,"column":1}},"line":3},"1":{"name":"(anonymous_1)","decl":{"start":{"line":6,"column":11},"end":{"line":6,"column":12}},"loc":{"start":{"line":6,"column":27},"end":{"line":6,"column":72}},"line":6},"2":{"name":"(anonymous_2)","decl":{"start":{"line":13,"column":16},"end":{"line":13,"column":17}},"loc":{"start":{"line":13,"column":26},"end":{"line":33,"column":1}},"line":13},"3":{"name":"(anonymous_3)","decl":{"start":{"line":14,"column":41},"end":{"line":14,"column":42}},"loc":{"start":{"line":14,"column":58},"end":{"line":30,"column":3}},"line":14}},"branchMap":{"0":{"loc":{"start":{"line":4,"column":2},"end":{"line":9,"column":3}},"type":"if","locations":[{"start":{"line":4,"column":2},"end":{"line":9,"column":3}},{"start":{},"end":{}}],"line":4},"1":{"loc":{"start":{"line":4,"column":6},"end":{"line":4,"column":49}},"type":"binary-expr","locations":[{"start":{"line":4,"column":6},"end":{"line":4,"column":20}},{"start":{"line":4,"column":24},"end":{"line":4,"column":49}}],"line":4},"2":{"loc":{"start":{"line":15,"column":4},"end":{"line":29,"column":5}},"type":"switch","locations":[{"start":{"line":16,"column":6},"end":{"line":17,"column":60}},{"start":{"line":18,"column":6},"end":{"line":19,"column":60}},{"start":{"line":20,"column":6},"end":{"line":21,"column":60}},{"start":{"line":22,"column":6},"end":{"line":26,"column":20}},{"start":{"line":27,"column":6},"end":{"line":28,"column":17}}],"line":15}},"s":{"0":1,"1":1,"2":40,"3":2,"4":2,"5":2,"6":38,"7":1,"8":7,"9":31,"10":6,"11":12,"12":6,"13":7,"14":0,"15":7},"f":{"0":40,"1":2,"2":7,"3":31},"b":{"0":[2,38],"1":[40,40],"2":[6,12,6,7,0]},"_coverageSchema":"1a1c01bbd47fc00a2c39e90264f33305004495a9","hash":"f865077dfcf359558dd5f89f076eaf03e0b907bf"}
}
