TN:
SF:src/buildDiff.js
FN:1,buildDiff
FN:2,(anonymous_1)
FN:6,(anonymous_2)
FNF:3
FNH:3
FNDA:12,buildDiff
FNDA:96,(anonymous_1)
FNDA:60,(anonymous_2)
DA:2,96
DA:4,12
DA:6,12
DA:7,60
DA:8,24
DA:10,36
DA:11,12
DA:13,24
DA:14,12
DA:20,12
DA:28,12
LF:11
LH:11
BRDA:7,0,0,24
BRDA:7,0,1,36
BRDA:10,1,0,12
BRDA:10,1,1,24
BRDA:13,2,0,12
BRDA:13,2,1,12
BRF:6
BRH:6
end_of_record
TN:
SF:src/index.js
FN:6,(anonymous_0)
FN:12,(anonymous_1)
FNF:2
FNH:2
FNDA:24,(anonymous_0)
FNDA:12,(anonymous_1)
DA:6,1
DA:7,24
DA:8,24
DA:9,24
DA:13,12
DA:14,12
DA:16,12
DA:18,12
LF:8
LH:8
BRDA:12,0,0,3
BRF:1
BRH:1
end_of_record
TN:
SF:src/parsers.js
FN:3,(anonymous_0)
FNF:1
FNH:1
FNDA:24,(anonymous_0)
DA:4,24
DA:6,8
DA:10,16
DA:13,0
LF:4
LH:3
BRDA:4,0,0,8
BRDA:4,0,1,8
BRDA:4,0,2,16
BRDA:4,0,3,0
BRF:4
BRH:3
end_of_record
TN:
SF:src/utils.js
FN:4,(anonymous_0)
FN:7,(anonymous_1)
FNF:2
FNH:2
FNDA:24,(anonymous_0)
FNDA:24,(anonymous_1)
DA:4,1
DA:5,24
DA:7,1
DA:8,24
DA:9,24
LF:5
LH:5
BRF:0
BRH:0
end_of_record
TN:
SF:src/formatters/index.js
FN:7,(anonymous_0)
FNF:1
FNH:1
FNDA:12,(anonymous_0)
DA:5,1
DA:8,12
DA:9,12
DA:10,12
LF:4
LH:4
BRDA:7,0,0,0
BRDA:9,1,0,0
BRDA:9,1,1,12
BRF:3
BRH:1
end_of_record
TN:
SF:src/formatters/json.js
FN:1,(anonymous_0)
FNF:1
FNH:1
FNDA:3,(anonymous_0)
DA:1,1
DA:2,3
LF:2
LH:2
BRF:0
BRH:0
end_of_record
TN:
SF:src/formatters/plain.js
FN:1,(anonymous_0)
FN:11,(anonymous_1)
FNF:2
FNH:2
FNDA:9,(anonymous_0)
FNDA:3,(anonymous_1)
DA:1,1
DA:2,9
DA:3,0
DA:5,9
DA:6,0
DA:8,9
DA:11,1
DA:12,3
DA:14,3
DA:15,15
DA:16,15
DA:18,15
DA:20,3
DA:23,3
DA:26,6
DA:27,6
DA:30,3
DA:33,3
DA:36,0
DA:37,0
DA:40,3
DA:44,3
LF:22
LH:18
BRDA:2,0,0,0
BRDA:2,0,1,9
BRDA:2,1,0,9
BRDA:2,1,1,0
BRDA:5,2,0,0
BRDA:5,2,1,9
BRDA:11,3,0,3
BRDA:15,4,0,0
BRDA:15,4,1,15
BRDA:18,5,0,3
BRDA:18,5,1,6
BRDA:18,5,2,3
BRDA:18,5,3,0
BRDA:18,5,4,3
BRF:14
BRH:9
end_of_record
TN:
SF:src/formatters/stylish.js
FN:3,(anonymous_0)
FN:6,(anonymous_1)
FN:13,(anonymous_2)
FN:14,(anonymous_3)
FNF:4
FNH:3
FNDA:36,(anonymous_0)
FNDA:0,(anonymous_1)
FNDA:6,(anonymous_2)
FNDA:30,(anonymous_3)
DA:1,1
DA:3,1
DA:4,36
DA:5,0
DA:6,0
DA:8,0
DA:10,36
DA:13,1
DA:14,6
DA:15,30
DA:17,6
DA:19,12
DA:21,6
DA:23,6
DA:28,0
DA:32,6
LF:16
LH:12
BRDA:4,0,0,0
BRDA:4,0,1,36
BRDA:4,1,0,36
BRDA:4,1,1,36
BRDA:15,2,0,6
BRDA:15,2,1,12
BRDA:15,2,2,6
BRDA:15,2,3,6
BRDA:15,2,4,0
BRF:9
BRH:7
end_of_record
