TN:
SF:src/buildDiff.js
FN:1,buildDiff
FN:2,(anonymous_1)
FN:6,(anonymous_2)
FNF:3
FNH:0
FNDA:0,buildDiff
FNDA:0,(anonymous_1)
FNDA:0,(anonymous_2)
DA:2,0
DA:4,0
DA:6,0
DA:7,0
DA:8,0
DA:10,0
DA:11,0
DA:13,0
DA:14,0
DA:20,0
DA:28,0
LF:11
LH:0
BRDA:7,0,0,0
BRDA:7,0,1,0
BRDA:10,1,0,0
BRDA:10,1,1,0
BRDA:13,2,0,0
BRDA:13,2,1,0
BRF:6
BRH:0
end_of_record
TN:
SF:src/index.js
FN:6,(anonymous_0)
FNF:1
FNH:1
FNDA:7,(anonymous_0)
DA:7,7
DA:8,7
DA:10,7
DA:11,7
DA:13,7
DA:14,0
DA:16,0
DA:18,0
LF:8
LH:5
BRDA:6,0,0,3
BRF:1
BRH:1
end_of_record
TN:
SF:src/parsers.js
FN:3,(anonymous_0)
FNF:1
FNH:1
FNDA:7,(anonymous_0)
DA:4,7
DA:6,0
DA:10,0
DA:13,7
LF:4
LH:2
BRDA:4,0,0,0
BRDA:4,0,1,0
BRDA:4,0,2,0
BRDA:4,0,3,7
BRF:4
BRH:1
end_of_record
TN:
SF:src/utils.js
FN:4,(anonymous_0)
FN:7,(anonymous_1)
FNF:2
FNH:2
FNDA:14,(anonymous_0)
FNDA:14,(anonymous_1)
DA:4,3
DA:5,14
DA:7,3
DA:8,14
DA:9,14
LF:5
LH:5
BRF:0
BRH:0
end_of_record
TN:
SF:src/formatters/index.js
FN:7,(anonymous_0)
FNF:1
FNH:0
FNDA:0,(anonymous_0)
DA:5,3
DA:8,0
DA:9,0
DA:10,0
LF:4
LH:1
BRDA:7,0,0,0
BRDA:9,1,0,0
BRDA:9,1,1,0
BRF:3
BRH:0
end_of_record
TN:
SF:src/formatters/json.js
FN:1,(anonymous_0)
FNF:1
FNH:0
FNDA:0,(anonymous_0)
DA:1,3
DA:2,0
LF:2
LH:1
BRF:0
BRH:0
end_of_record
TN:
SF:src/formatters/plain.js
FN:1,(anonymous_0)
FN:11,(anonymous_1)
FNF:2
FNH:0
FNDA:0,(anonymous_0)
FNDA:0,(anonymous_1)
DA:1,3
DA:2,0
DA:3,0
DA:5,0
DA:6,0
DA:8,0
DA:11,3
DA:12,0
DA:14,0
DA:15,0
DA:16,0
DA:18,0
DA:20,0
DA:23,0
DA:26,0
DA:27,0
DA:30,0
DA:33,0
DA:36,0
DA:37,0
DA:40,0
DA:44,0
LF:22
LH:2
BRDA:2,0,0,0
BRDA:2,0,1,0
BRDA:2,1,0,0
BRDA:2,1,1,0
BRDA:5,2,0,0
BRDA:5,2,1,0
BRDA:11,3,0,0
BRDA:15,4,0,0
BRDA:15,4,1,0
BRDA:18,5,0,0
BRDA:18,5,1,0
BRDA:18,5,2,0
BRDA:18,5,3,0
BRDA:18,5,4,0
BRF:14
BRH:0
end_of_record
TN:
SF:src/formatters/stylish.js
FN:3,(anonymous_0)
FN:6,(anonymous_1)
FN:13,(anonymous_2)
FN:14,(anonymous_3)
FNF:4
FNH:0
FNDA:0,(anonymous_0)
FNDA:0,(anonymous_1)
FNDA:0,(anonymous_2)
FNDA:0,(anonymous_3)
DA:1,3
DA:3,3
DA:4,0
DA:5,0
DA:6,0
DA:8,0
DA:10,0
DA:13,3
DA:14,0
DA:15,0
DA:17,0
DA:19,0
DA:21,0
DA:23,0
DA:28,0
DA:32,0
LF:16
LH:3
BRDA:4,0,0,0
BRDA:4,0,1,0
BRDA:4,1,0,0
BRDA:4,1,1,0
BRDA:15,2,0,0
BRDA:15,2,1,0
BRDA:15,2,2,0
BRDA:15,2,3,0
BRDA:15,2,4,0
BRF:9
BRH:0
end_of_record
